INFO 2025-09-03 20:51:39,165 autoreload 27960 1224 Watching for file changes with StatReloader
INFO 2025-09-03 20:53:44,417 autoreload 27960 1224 D:\BACKUP\Complete Projects\university_voting_system\university_voting_system\urls.py changed, reloading.
INFO 2025-09-03 20:53:45,639 autoreload 20036 24660 Watching for file changes with StatReloader
INFO 2025-09-03 21:19:52,583 autoreload 18164 20420 Watching for file changes with StatReloader
ERROR 2025-09-03 21:19:57,416 log 18164 5060 Internal Server Error: /
Traceback (most recent call last):
  File "C:\Users\user\AppData\Roaming\Python\Python313\site-packages\django\core\handlers\exception.py", line 55, in inner
    response = get_response(request)
  File "C:\Users\user\AppData\Roaming\Python\Python313\site-packages\django\core\handlers\base.py", line 220, in _get_response
    response = response.render()
  File "C:\Users\user\AppData\Roaming\Python\Python313\site-packages\django\template\response.py", line 114, in render
    self.content = self.rendered_content
                   ^^^^^^^^^^^^^^^^^^^^^
  File "C:\Users\user\AppData\Roaming\Python\Python313\site-packages\django\template\response.py", line 90, in rendered_content
    template = self.resolve_template(self.template_name)
  File "C:\Users\user\AppData\Roaming\Python\Python313\site-packages\django\template\response.py", line 72, in resolve_template
    return select_template(template, using=self.using)
  File "C:\Users\user\AppData\Roaming\Python\Python313\site-packages\django\template\loader.py", line 47, in select_template
    raise TemplateDoesNotExist(", ".join(template_name_list), chain=chain)
django.template.exceptions.TemplateDoesNotExist: voting/login.html
ERROR 2025-09-03 21:19:57,425 basehttp 18164 5060 "GET / HTTP/1.1" 500 86986
INFO 2025-09-03 21:20:02,780 basehttp 18164 5060 "GET /admin/ HTTP/1.1" 302 0
INFO 2025-09-03 21:20:03,932 basehttp 18164 5060 "GET /admin/login/?next=/admin/ HTTP/1.1" 200 4187
INFO 2025-09-03 21:20:19,975 basehttp 18164 5060 "POST /admin/login/?next=/admin/ HTTP/1.1" 200 4376
INFO 2025-09-03 21:20:40,772 basehttp 18164 5060 "POST /admin/login/?next=/admin/ HTTP/1.1" 302 0
INFO 2025-09-03 21:20:40,873 basehttp 18164 5060 "GET /admin/ HTTP/1.1" 200 15094
INFO 2025-09-03 21:20:54,069 basehttp 18164 5060 "GET /admin/voting/student/ HTTP/1.1" 200 17975
INFO 2025-09-03 21:20:54,463 basehttp 18164 5060 "GET /admin/jsi18n/ HTTP/1.1" 200 3342
INFO 2025-09-03 21:20:57,704 basehttp 18164 5060 "GET /admin/voting/student/1/change/ HTTP/1.1" 200 25630
INFO 2025-09-03 21:20:57,748 basehttp 18164 5060 "GET /admin/jsi18n/ HTTP/1.1" 200 3342
INFO 2025-09-03 21:21:11,494 basehttp 18164 5060 "GET /admin/voting/programme/add/?_to_field=id&_popup=1 HTTP/1.1" 200 6729
INFO 2025-09-03 21:21:11,535 basehttp 18164 5060 "GET /admin/jsi18n/ HTTP/1.1" 200 3342
INFO 2025-09-03 21:21:32,985 basehttp 18164 5060 "GET /admin/voting/department/add/?_to_field=id&_popup=1 HTTP/1.1" 200 6689
INFO 2025-09-03 21:21:33,027 basehttp 18164 5060 "GET /admin/jsi18n/ HTTP/1.1" 200 3342
INFO 2025-09-03 21:21:51,113 basehttp 18164 5060 "GET /admin/voting/faculty/add/?_to_field=id&_popup=1 HTTP/1.1" 200 5003
INFO 2025-09-03 21:21:51,249 basehttp 18164 5060 "GET /admin/jsi18n/ HTTP/1.1" 200 3342
INFO 2025-09-03 21:22:18,968 basehttp 18164 5060 "POST /admin/voting/faculty/add/?_to_field=id&_popup=1 HTTP/1.1" 200 366
INFO 2025-09-03 21:22:19,174 basehttp 18164 5060 "GET /static/admin/js/popup_response.js HTTP/1.1" 200 532
INFO 2025-09-03 21:22:22,101 basehttp 18164 5060 "POST /admin/voting/department/add/?_to_field=id&_popup=1 HTTP/1.1" 200 385
INFO 2025-09-03 21:22:24,707 basehttp 18164 5060 "POST /admin/voting/programme/add/?_to_field=id&_popup=1 HTTP/1.1" 200 355
INFO 2025-09-03 21:22:33,625 basehttp 18164 5060 "POST /admin/voting/student/1/change/ HTTP/1.1" 302 0
INFO 2025-09-03 21:22:33,671 basehttp 18164 5060 "GET /admin/voting/student/ HTTP/1.1" 200 18240
INFO 2025-09-03 21:22:33,708 basehttp 18164 5060 "GET /admin/jsi18n/ HTTP/1.1" 200 3342
INFO 2025-09-03 21:22:36,458 basehttp 18164 5060 "GET /admin/voting/student/1/change/ HTTP/1.1" 200 25715
INFO 2025-09-03 21:22:36,500 basehttp 18164 5060 "GET /admin/jsi18n/ HTTP/1.1" 200 3342
INFO 2025-09-03 21:23:03,789 basehttp 18164 5060 "POST /admin/voting/student/1/change/ HTTP/1.1" 302 0
INFO 2025-09-03 21:23:03,842 basehttp 18164 5060 "GET /admin/voting/student/ HTTP/1.1" 200 18240
INFO 2025-09-03 21:23:03,878 basehttp 18164 5060 "GET /admin/jsi18n/ HTTP/1.1" 200 3342
INFO 2025-09-03 21:40:33,259 basehttp 18164 12836 "GET /admin/voting/student/ HTTP/1.1" 302 0
INFO 2025-09-03 21:40:33,271 basehttp 18164 12836 "GET /admin/login/?next=/admin/voting/student/ HTTP/1.1" 200 4217
INFO 2025-09-03 21:40:50,656 basehttp 18164 12836 "POST /admin/login/?next=/admin/voting/student/ HTTP/1.1" 302 0
INFO 2025-09-03 21:40:51,024 basehttp 18164 12836 "GET /admin/voting/student/ HTTP/1.1" 200 75920
INFO 2025-09-03 21:40:51,060 basehttp 18164 12836 "GET /admin/jsi18n/ HTTP/1.1" 200 3342
INFO 2025-09-03 21:40:55,876 basehttp 18164 12836 "GET /admin/voting/student/209/change/ HTTP/1.1" 200 31941
INFO 2025-09-03 21:40:55,920 basehttp 18164 12836 "GET /admin/jsi18n/ HTTP/1.1" 200 3342
INFO 2025-09-03 22:18:21,033 autoreload 18164 20420 D:\BACKUP\Complete Projects\university_voting_system\voting\views.py changed, reloading.
INFO 2025-09-03 22:18:23,607 autoreload 7700 6672 Watching for file changes with StatReloader
INFO 2025-09-03 22:23:44,271 autoreload 19856 18336 Watching for file changes with StatReloader
ERROR 2025-09-03 22:23:48,000 log 7700 17412 Internal Server Error: /
Traceback (most recent call last):
  File "C:\Users\user\AppData\Roaming\Python\Python313\site-packages\django\core\handlers\exception.py", line 55, in inner
    response = get_response(request)
  File "C:\Users\user\AppData\Roaming\Python\Python313\site-packages\django\core\handlers\base.py", line 220, in _get_response
    response = response.render()
  File "C:\Users\user\AppData\Roaming\Python\Python313\site-packages\django\template\response.py", line 114, in render
    self.content = self.rendered_content
                   ^^^^^^^^^^^^^^^^^^^^^
  File "C:\Users\user\AppData\Roaming\Python\Python313\site-packages\django\template\response.py", line 90, in rendered_content
    template = self.resolve_template(self.template_name)
  File "C:\Users\user\AppData\Roaming\Python\Python313\site-packages\django\template\response.py", line 72, in resolve_template
    return select_template(template, using=self.using)
  File "C:\Users\user\AppData\Roaming\Python\Python313\site-packages\django\template\loader.py", line 47, in select_template
    raise TemplateDoesNotExist(", ".join(template_name_list), chain=chain)
django.template.exceptions.TemplateDoesNotExist: login.html
ERROR 2025-09-03 22:23:48,083 basehttp 7700 17412 "GET / HTTP/1.1" 500 86874
INFO 2025-09-03 22:24:09,428 autoreload 7700 6672 D:\BACKUP\Complete Projects\university_voting_system\university_voting_system\settings.py changed, reloading.
INFO 2025-09-03 22:24:09,694 autoreload 19856 18336 D:\BACKUP\Complete Projects\university_voting_system\university_voting_system\settings.py changed, reloading.
INFO 2025-09-03 22:24:12,980 autoreload 5672 20020 Watching for file changes with StatReloader
INFO 2025-09-03 22:24:12,993 autoreload 6112 24452 Watching for file changes with StatReloader
ERROR 2025-09-03 22:24:21,337 log 6112 7896 Internal Server Error: /
Traceback (most recent call last):
  File "C:\Users\user\AppData\Roaming\Python\Python313\site-packages\django\template\backends\django.py", line 107, in render
    return self.template.render(context)
           ~~~~~~~~~~~~~~~~~~~~^^^^^^^^^
  File "C:\Users\user\AppData\Roaming\Python\Python313\site-packages\django\template\base.py", line 171, in render
    return self._render(context)
           ~~~~~~~~~~~~^^^^^^^^^
  File "C:\Users\user\AppData\Roaming\Python\Python313\site-packages\django\template\base.py", line 163, in _render
    return self.nodelist.render(context)
           ~~~~~~~~~~~~~~~~~~~~^^^^^^^^^
  File "C:\Users\user\AppData\Roaming\Python\Python313\site-packages\django\template\base.py", line 1016, in render
    return SafeString("".join([node.render_annotated(context) for node in self]))
                               ~~~~~~~~~~~~~~~~~~~~~^^^^^^^^^
  File "C:\Users\user\AppData\Roaming\Python\Python313\site-packages\django\template\base.py", line 977, in render_annotated
    return self.render(context)
           ~~~~~~~~~~~^^^^^^^^^
  File "C:\Users\user\AppData\Roaming\Python\Python313\site-packages\django\template\loader_tags.py", line 134, in render
    compiled_parent = self.get_parent(context)
  File "C:\Users\user\AppData\Roaming\Python\Python313\site-packages\django\template\loader_tags.py", line 131, in get_parent
    return self.find_template(parent, context)
           ~~~~~~~~~~~~~~~~~~^^^^^^^^^^^^^^^^^
  File "C:\Users\user\AppData\Roaming\Python\Python313\site-packages\django\template\loader_tags.py", line 109, in find_template
    template, origin = context.template.engine.find_template(
                       ~~~~~~~~~~~~~~~~~~~~~~~~~~~~~~~~~~~~~^
        template_name,
        ^^^^^^^^^^^^^^
        skip=history,
        ^^^^^^^^^^^^^
    )
    ^
  File "C:\Users\user\AppData\Roaming\Python\Python313\site-packages\django\template\engine.py", line 163, in find_template
    raise TemplateDoesNotExist(name, tried=tried)
django.template.exceptions.TemplateDoesNotExist: voting/base.html

The above exception was the direct cause of the following exception:

Traceback (most recent call last):
  File "C:\Users\user\AppData\Roaming\Python\Python313\site-packages\django\core\handlers\exception.py", line 55, in inner
    response = get_response(request)
  File "C:\Users\user\AppData\Roaming\Python\Python313\site-packages\django\core\handlers\base.py", line 220, in _get_response
    response = response.render()
  File "C:\Users\user\AppData\Roaming\Python\Python313\site-packages\django\template\response.py", line 114, in render
    self.content = self.rendered_content
                   ^^^^^^^^^^^^^^^^^^^^^
  File "C:\Users\user\AppData\Roaming\Python\Python313\site-packages\django\template\response.py", line 92, in rendered_content
    return template.render(context, self._request)
           ~~~~~~~~~~~~~~~^^^^^^^^^^^^^^^^^^^^^^^^
  File "C:\Users\user\AppData\Roaming\Python\Python313\site-packages\django\template\backends\django.py", line 109, in render
    reraise(exc, self.backend)
    ~~~~~~~^^^^^^^^^^^^^^^^^^^
  File "C:\Users\user\AppData\Roaming\Python\Python313\site-packages\django\template\backends\django.py", line 130, in reraise
    raise new from exc
django.template.exceptions.TemplateDoesNotExist: voting/base.html
ERROR 2025-09-03 22:24:21,357 basehttp 6112 7896 "GET / HTTP/1.1" 500 131603
ERROR 2025-09-03 22:24:43,394 log 6112 7896 Internal Server Error: /
Traceback (most recent call last):
  File "C:\Users\user\AppData\Roaming\Python\Python313\site-packages\django\template\backends\django.py", line 107, in render
    return self.template.render(context)
           ~~~~~~~~~~~~~~~~~~~~^^^^^^^^^
  File "C:\Users\user\AppData\Roaming\Python\Python313\site-packages\django\template\base.py", line 171, in render
    return self._render(context)
           ~~~~~~~~~~~~^^^^^^^^^
  File "C:\Users\user\AppData\Roaming\Python\Python313\site-packages\django\template\base.py", line 163, in _render
    return self.nodelist.render(context)
           ~~~~~~~~~~~~~~~~~~~~^^^^^^^^^
  File "C:\Users\user\AppData\Roaming\Python\Python313\site-packages\django\template\base.py", line 1016, in render
    return SafeString("".join([node.render_annotated(context) for node in self]))
                               ~~~~~~~~~~~~~~~~~~~~~^^^^^^^^^
  File "C:\Users\user\AppData\Roaming\Python\Python313\site-packages\django\template\base.py", line 977, in render_annotated
    return self.render(context)
           ~~~~~~~~~~~^^^^^^^^^
  File "C:\Users\user\AppData\Roaming\Python\Python313\site-packages\django\template\loader_tags.py", line 134, in render
    compiled_parent = self.get_parent(context)
  File "C:\Users\user\AppData\Roaming\Python\Python313\site-packages\django\template\loader_tags.py", line 131, in get_parent
    return self.find_template(parent, context)
           ~~~~~~~~~~~~~~~~~~^^^^^^^^^^^^^^^^^
  File "C:\Users\user\AppData\Roaming\Python\Python313\site-packages\django\template\loader_tags.py", line 109, in find_template
    template, origin = context.template.engine.find_template(
                       ~~~~~~~~~~~~~~~~~~~~~~~~~~~~~~~~~~~~~^
        template_name,
        ^^^^^^^^^^^^^^
        skip=history,
        ^^^^^^^^^^^^^
    )
    ^
  File "C:\Users\user\AppData\Roaming\Python\Python313\site-packages\django\template\engine.py", line 163, in find_template
    raise TemplateDoesNotExist(name, tried=tried)
django.template.exceptions.TemplateDoesNotExist: voting/base.html

The above exception was the direct cause of the following exception:

Traceback (most recent call last):
  File "C:\Users\user\AppData\Roaming\Python\Python313\site-packages\django\core\handlers\exception.py", line 55, in inner
    response = get_response(request)
  File "C:\Users\user\AppData\Roaming\Python\Python313\site-packages\django\core\handlers\base.py", line 220, in _get_response
    response = response.render()
  File "C:\Users\user\AppData\Roaming\Python\Python313\site-packages\django\template\response.py", line 114, in render
    self.content = self.rendered_content
                   ^^^^^^^^^^^^^^^^^^^^^
  File "C:\Users\user\AppData\Roaming\Python\Python313\site-packages\django\template\response.py", line 92, in rendered_content
    return template.render(context, self._request)
           ~~~~~~~~~~~~~~~^^^^^^^^^^^^^^^^^^^^^^^^
  File "C:\Users\user\AppData\Roaming\Python\Python313\site-packages\django\template\backends\django.py", line 109, in render
    reraise(exc, self.backend)
    ~~~~~~~^^^^^^^^^^^^^^^^^^^
  File "C:\Users\user\AppData\Roaming\Python\Python313\site-packages\django\template\backends\django.py", line 130, in reraise
    raise new from exc
django.template.exceptions.TemplateDoesNotExist: voting/base.html
ERROR 2025-09-03 22:24:43,400 basehttp 6112 7896 "GET / HTTP/1.1" 500 131603
ERROR 2025-09-03 22:24:45,242 log 6112 7896 Internal Server Error: /
Traceback (most recent call last):
  File "C:\Users\user\AppData\Roaming\Python\Python313\site-packages\django\template\backends\django.py", line 107, in render
    return self.template.render(context)
           ~~~~~~~~~~~~~~~~~~~~^^^^^^^^^
  File "C:\Users\user\AppData\Roaming\Python\Python313\site-packages\django\template\base.py", line 171, in render
    return self._render(context)
           ~~~~~~~~~~~~^^^^^^^^^
  File "C:\Users\user\AppData\Roaming\Python\Python313\site-packages\django\template\base.py", line 163, in _render
    return self.nodelist.render(context)
           ~~~~~~~~~~~~~~~~~~~~^^^^^^^^^
  File "C:\Users\user\AppData\Roaming\Python\Python313\site-packages\django\template\base.py", line 1016, in render
    return SafeString("".join([node.render_annotated(context) for node in self]))
                               ~~~~~~~~~~~~~~~~~~~~~^^^^^^^^^
  File "C:\Users\user\AppData\Roaming\Python\Python313\site-packages\django\template\base.py", line 977, in render_annotated
    return self.render(context)
           ~~~~~~~~~~~^^^^^^^^^
  File "C:\Users\user\AppData\Roaming\Python\Python313\site-packages\django\template\loader_tags.py", line 134, in render
    compiled_parent = self.get_parent(context)
  File "C:\Users\user\AppData\Roaming\Python\Python313\site-packages\django\template\loader_tags.py", line 131, in get_parent
    return self.find_template(parent, context)
           ~~~~~~~~~~~~~~~~~~^^^^^^^^^^^^^^^^^
  File "C:\Users\user\AppData\Roaming\Python\Python313\site-packages\django\template\loader_tags.py", line 109, in find_template
    template, origin = context.template.engine.find_template(
                       ~~~~~~~~~~~~~~~~~~~~~~~~~~~~~~~~~~~~~^
        template_name,
        ^^^^^^^^^^^^^^
        skip=history,
        ^^^^^^^^^^^^^
    )
    ^
  File "C:\Users\user\AppData\Roaming\Python\Python313\site-packages\django\template\engine.py", line 163, in find_template
    raise TemplateDoesNotExist(name, tried=tried)
django.template.exceptions.TemplateDoesNotExist: voting/base.html

The above exception was the direct cause of the following exception:

Traceback (most recent call last):
  File "C:\Users\user\AppData\Roaming\Python\Python313\site-packages\django\core\handlers\exception.py", line 55, in inner
    response = get_response(request)
  File "C:\Users\user\AppData\Roaming\Python\Python313\site-packages\django\core\handlers\base.py", line 220, in _get_response
    response = response.render()
  File "C:\Users\user\AppData\Roaming\Python\Python313\site-packages\django\template\response.py", line 114, in render
    self.content = self.rendered_content
                   ^^^^^^^^^^^^^^^^^^^^^
  File "C:\Users\user\AppData\Roaming\Python\Python313\site-packages\django\template\response.py", line 92, in rendered_content
    return template.render(context, self._request)
           ~~~~~~~~~~~~~~~^^^^^^^^^^^^^^^^^^^^^^^^
  File "C:\Users\user\AppData\Roaming\Python\Python313\site-packages\django\template\backends\django.py", line 109, in render
    reraise(exc, self.backend)
    ~~~~~~~^^^^^^^^^^^^^^^^^^^
  File "C:\Users\user\AppData\Roaming\Python\Python313\site-packages\django\template\backends\django.py", line 130, in reraise
    raise new from exc
django.template.exceptions.TemplateDoesNotExist: voting/base.html
ERROR 2025-09-03 22:24:45,249 basehttp 6112 7896 "GET / HTTP/1.1" 500 131603
ERROR 2025-09-03 22:25:03,843 log 6112 7896 Internal Server Error: /
Traceback (most recent call last):
  File "C:\Users\user\AppData\Roaming\Python\Python313\site-packages\django\urls\base.py", line 81, in reverse
    extra, resolver = resolver.namespace_dict[ns]
                      ~~~~~~~~~~~~~~~~~~~~~~~^^^^
KeyError: 'voting'

During handling of the above exception, another exception occurred:

Traceback (most recent call last):
  File "C:\Users\user\AppData\Roaming\Python\Python313\site-packages\django\core\handlers\exception.py", line 55, in inner
    response = get_response(request)
  File "C:\Users\user\AppData\Roaming\Python\Python313\site-packages\django\core\handlers\base.py", line 220, in _get_response
    response = response.render()
  File "C:\Users\user\AppData\Roaming\Python\Python313\site-packages\django\template\response.py", line 114, in render
    self.content = self.rendered_content
                   ^^^^^^^^^^^^^^^^^^^^^
  File "C:\Users\user\AppData\Roaming\Python\Python313\site-packages\django\template\response.py", line 92, in rendered_content
    return template.render(context, self._request)
           ~~~~~~~~~~~~~~~^^^^^^^^^^^^^^^^^^^^^^^^
  File "C:\Users\user\AppData\Roaming\Python\Python313\site-packages\django\template\backends\django.py", line 107, in render
    return self.template.render(context)
           ~~~~~~~~~~~~~~~~~~~~^^^^^^^^^
  File "C:\Users\user\AppData\Roaming\Python\Python313\site-packages\django\template\base.py", line 171, in render
    return self._render(context)
           ~~~~~~~~~~~~^^^^^^^^^
  File "C:\Users\user\AppData\Roaming\Python\Python313\site-packages\django\template\base.py", line 163, in _render
    return self.nodelist.render(context)
           ~~~~~~~~~~~~~~~~~~~~^^^^^^^^^
  File "C:\Users\user\AppData\Roaming\Python\Python313\site-packages\django\template\base.py", line 1016, in render
    return SafeString("".join([node.render_annotated(context) for node in self]))
                               ~~~~~~~~~~~~~~~~~~~~~^^^^^^^^^
  File "C:\Users\user\AppData\Roaming\Python\Python313\site-packages\django\template\base.py", line 977, in render_annotated
    return self.render(context)
           ~~~~~~~~~~~^^^^^^^^^
  File "C:\Users\user\AppData\Roaming\Python\Python313\site-packages\django\template\loader_tags.py", line 159, in render
    return compiled_parent._render(context)
           ~~~~~~~~~~~~~~~~~~~~~~~^^^^^^^^^
  File "C:\Users\user\AppData\Roaming\Python\Python313\site-packages\django\template\base.py", line 163, in _render
    return self.nodelist.render(context)
           ~~~~~~~~~~~~~~~~~~~~^^^^^^^^^
  File "C:\Users\user\AppData\Roaming\Python\Python313\site-packages\django\template\base.py", line 1016, in render
    return SafeString("".join([node.render_annotated(context) for node in self]))
                               ~~~~~~~~~~~~~~~~~~~~~^^^^^^^^^
  File "C:\Users\user\AppData\Roaming\Python\Python313\site-packages\django\template\base.py", line 977, in render_annotated
    return self.render(context)
           ~~~~~~~~~~~^^^^^^^^^
  File "C:\Users\user\AppData\Roaming\Python\Python313\site-packages\django\template\defaulttags.py", line 480, in render
    url = reverse(view_name, args=args, kwargs=kwargs, current_app=current_app)
  File "C:\Users\user\AppData\Roaming\Python\Python313\site-packages\django\urls\base.py", line 92, in reverse
    raise NoReverseMatch("%s is not a registered namespace" % key)
django.urls.exceptions.NoReverseMatch: 'voting' is not a registered namespace
ERROR 2025-09-03 22:25:03,851 basehttp 6112 7896 "GET / HTTP/1.1" 500 141933
INFO 2025-09-03 22:25:40,083 basehttp 6112 7896 "GET / HTTP/1.1" 200 7461
INFO 2025-09-03 22:25:47,962 basehttp 6112 7896 "POST / HTTP/1.1" 200 7960
INFO 2025-09-03 22:25:50,111 basehttp 6112 7896 "POST / HTTP/1.1" 200 7960
INFO 2025-09-03 22:26:44,421 views 6112 7896 Student SC211/0001/1996 logged in successfully
INFO 2025-09-03 22:26:44,424 basehttp 6112 7896 "POST / HTTP/1.1" 302 0
ERROR 2025-09-03 22:26:44,596 log 6112 7896 Internal Server Error: /dashboard/
Traceback (most recent call last):
  File "C:\Users\user\AppData\Roaming\Python\Python313\site-packages\django\core\handlers\exception.py", line 55, in inner
    response = get_response(request)
  File "C:\Users\user\AppData\Roaming\Python\Python313\site-packages\django\core\handlers\base.py", line 197, in _get_response
    response = wrapped_callback(request, *callback_args, **callback_kwargs)
  File "C:\Users\user\AppData\Roaming\Python\Python313\site-packages\django\contrib\auth\decorators.py", line 59, in _view_wrapper
    return view_func(request, *args, **kwargs)
  File "D:\BACKUP\Complete Projects\university_voting_system\voting\views.py", line 149, in dashboard_view
    'department': request.user.department,
                  ^^^^^^^^^^^^^^^^^^^^^^^
  File "C:\Users\user\AppData\Roaming\Python\Python313\site-packages\django\utils\functional.py", line 253, in inner
    return func(_wrapped, *args)
  File "D:\BACKUP\Complete Projects\university_voting_system\voting\models.py", line 104, in department
    return self.programme.department
           ^^^^^^^^^^^^^^^^^^^^^^^^^
AttributeError: 'NoneType' object has no attribute 'department'
ERROR 2025-09-03 22:26:44,605 basehttp 6112 7896 "GET /dashboard/ HTTP/1.1" 500 85337
INFO 2025-09-03 23:08:21,261 basehttp 6112 25216 "GET /admin/voting/student/ HTTP/1.1" 200 75920
INFO 2025-09-03 23:08:21,781 basehttp 6112 25216 "GET /admin/jsi18n/ HTTP/1.1" 200 3342
INFO 2025-09-03 23:08:28,972 basehttp 6112 25216 "GET /admin/voting/student/?p=4 HTTP/1.1" 200 19565
INFO 2025-09-03 23:08:28,998 basehttp 6112 25216 "GET /admin/jsi18n/ HTTP/1.1" 200 3342
INFO 2025-09-03 23:08:38,595 basehttp 6112 25216 "GET /admin/voting/student/?q=admin HTTP/1.1" 200 19449
INFO 2025-09-03 23:08:38,619 basehttp 6112 25216 "GET /admin/jsi18n/ HTTP/1.1" 200 3342
INFO 2025-09-03 23:08:44,959 basehttp 6112 25216 "GET /admin/voting/student/302/change/?_changelist_filters=q%3Dadmin HTTP/1.1" 200 32022
INFO 2025-09-03 23:08:45,335 basehttp 6112 25216 "GET /admin/jsi18n/ HTTP/1.1" 200 3342
INFO 2025-09-03 23:08:59,684 basehttp 6112 25216 "POST /admin/voting/student/302/change/?_changelist_filters=q%3Dadmin HTTP/1.1" 302 0
INFO 2025-09-03 23:08:59,934 basehttp 6112 25216 "GET /admin/voting/student/?q=admin HTTP/1.1" 200 19728
INFO 2025-09-03 23:08:59,968 basehttp 6112 25216 "GET /admin/jsi18n/ HTTP/1.1" 200 3342
ERROR 2025-09-03 23:09:04,619 log 6112 25216 Internal Server Error: /dashboard/
Traceback (most recent call last):
  File "C:\Users\user\AppData\Roaming\Python\Python313\site-packages\django\core\handlers\exception.py", line 55, in inner
    response = get_response(request)
  File "C:\Users\user\AppData\Roaming\Python\Python313\site-packages\django\core\handlers\base.py", line 197, in _get_response
    response = wrapped_callback(request, *callback_args, **callback_kwargs)
  File "C:\Users\user\AppData\Roaming\Python\Python313\site-packages\django\contrib\auth\decorators.py", line 59, in _view_wrapper
    return view_func(request, *args, **kwargs)
  File "D:\BACKUP\Complete Projects\university_voting_system\voting\views.py", line 199, in dashboard_view
    return render(request, 'dashboard.html', context)
  File "C:\Users\user\AppData\Roaming\Python\Python313\site-packages\django\shortcuts.py", line 25, in render
    content = loader.render_to_string(template_name, context, request, using=using)
  File "C:\Users\user\AppData\Roaming\Python\Python313\site-packages\django\template\loader.py", line 61, in render_to_string
    template = get_template(template_name, using=using)
  File "C:\Users\user\AppData\Roaming\Python\Python313\site-packages\django\template\loader.py", line 15, in get_template
    return engine.get_template(template_name)
           ~~~~~~~~~~~~~~~~~~~^^^^^^^^^^^^^^^
  File "C:\Users\user\AppData\Roaming\Python\Python313\site-packages\django\template\backends\django.py", line 79, in get_template
    return Template(self.engine.get_template(template_name), self)
                    ~~~~~~~~~~~~~~~~~~~~~~~~^^^^^^^^^^^^^^^
  File "C:\Users\user\AppData\Roaming\Python\Python313\site-packages\django\template\engine.py", line 177, in get_template
    template, origin = self.find_template(template_name)
                       ~~~~~~~~~~~~~~~~~~^^^^^^^^^^^^^^^
  File "C:\Users\user\AppData\Roaming\Python\Python313\site-packages\django\template\engine.py", line 159, in find_template
    template = loader.get_template(name, skip=skip)
  File "C:\Users\user\AppData\Roaming\Python\Python313\site-packages\django\template\loaders\cached.py", line 57, in get_template
    template = super().get_template(template_name, skip)
  File "C:\Users\user\AppData\Roaming\Python\Python313\site-packages\django\template\loaders\base.py", line 28, in get_template
    return Template(
        contents,
    ...<2 lines>...
        self.engine,
    )
  File "C:\Users\user\AppData\Roaming\Python\Python313\site-packages\django\template\base.py", line 154, in __init__
    self.nodelist = self.compile_nodelist()
                    ~~~~~~~~~~~~~~~~~~~~~^^
  File "C:\Users\user\AppData\Roaming\Python\Python313\site-packages\django\template\base.py", line 196, in compile_nodelist
    nodelist = parser.parse()
  File "C:\Users\user\AppData\Roaming\Python\Python313\site-packages\django\template\base.py", line 518, in parse
    raise self.error(token, e)
  File "C:\Users\user\AppData\Roaming\Python\Python313\site-packages\django\template\base.py", line 516, in parse
    compiled_result = compile_func(self, token)
  File "C:\Users\user\AppData\Roaming\Python\Python313\site-packages\django\template\loader_tags.py", line 299, in do_extends
    nodelist = parser.parse()
  File "C:\Users\user\AppData\Roaming\Python\Python313\site-packages\django\template\base.py", line 518, in parse
    raise self.error(token, e)
  File "C:\Users\user\AppData\Roaming\Python\Python313\site-packages\django\template\base.py", line 516, in parse
    compiled_result = compile_func(self, token)
  File "C:\Users\user\AppData\Roaming\Python\Python313\site-packages\django\template\loader_tags.py", line 234, in do_block
    nodelist = parser.parse(("endblock",))
  File "C:\Users\user\AppData\Roaming\Python\Python313\site-packages\django\template\base.py", line 518, in parse
    raise self.error(token, e)
  File "C:\Users\user\AppData\Roaming\Python\Python313\site-packages\django\template\base.py", line 516, in parse
    compiled_result = compile_func(self, token)
  File "C:\Users\user\AppData\Roaming\Python\Python313\site-packages\django\template\defaulttags.py", line 962, in do_if
    nodelist = parser.parse(("elif", "else", "endif"))
  File "C:\Users\user\AppData\Roaming\Python\Python313\site-packages\django\template\base.py", line 518, in parse
    raise self.error(token, e)
  File "C:\Users\user\AppData\Roaming\Python\Python313\site-packages\django\template\base.py", line 516, in parse
    compiled_result = compile_func(self, token)
  File "C:\Users\user\AppData\Roaming\Python\Python313\site-packages\django\template\defaulttags.py", line 962, in do_if
    nodelist = parser.parse(("elif", "else", "endif"))
  File "C:\Users\user\AppData\Roaming\Python\Python313\site-packages\django\template\base.py", line 518, in parse
    raise self.error(token, e)
  File "C:\Users\user\AppData\Roaming\Python\Python313\site-packages\django\template\base.py", line 516, in parse
    compiled_result = compile_func(self, token)
  File "C:\Users\user\AppData\Roaming\Python\Python313\site-packages\django\template\defaulttags.py", line 862, in do_for
    nodelist_loop = parser.parse(
        (
    ...<2 lines>...
        )
    )
  File "C:\Users\user\AppData\Roaming\Python\Python313\site-packages\django\template\base.py", line 518, in parse
    raise self.error(token, e)
  File "C:\Users\user\AppData\Roaming\Python\Python313\site-packages\django\template\base.py", line 516, in parse
    compiled_result = compile_func(self, token)
  File "C:\Users\user\AppData\Roaming\Python\Python313\site-packages\django\template\defaulttags.py", line 962, in do_if
    nodelist = parser.parse(("elif", "else", "endif"))
  File "C:\Users\user\AppData\Roaming\Python\Python313\site-packages\django\template\base.py", line 489, in parse
    raise self.error(token, e)
  File "C:\Users\user\AppData\Roaming\Python\Python313\site-packages\django\template\base.py", line 487, in parse
    filter_expression = self.compile_filter(token.contents)
  File "C:\Users\user\AppData\Roaming\Python\Python313\site-packages\django\template\base.py", line 609, in compile_filter
    return FilterExpression(token, self)
  File "C:\Users\user\AppData\Roaming\Python\Python313\site-packages\django\template\base.py", line 705, in __init__
    filter_func = parser.find_filter(filter_name)
  File "C:\Users\user\AppData\Roaming\Python\Python313\site-packages\django\template\base.py", line 615, in find_filter
    raise TemplateSyntaxError("Invalid filter: '%s'" % filter_name)
django.template.exceptions.TemplateSyntaxError: Invalid filter: 'get_item'
ERROR 2025-09-03 23:09:04,635 basehttp 6112 25216 "GET /dashboard/ HTTP/1.1" 500 367584
INFO 2025-09-03 23:11:31,964 basehttp 6112 25216 "GET /dashboard/ HTTP/1.1" 200 3450
INFO 2025-09-03 23:12:10,547 views 6112 25216 Student SC211/0001/1996 logged out
INFO 2025-09-03 23:12:10,549 basehttp 6112 25216 "GET /logout/ HTTP/1.1" 302 0
INFO 2025-09-03 23:12:10,698 basehttp 6112 25216 "GET /login/ HTTP/1.1" 200 7747
INFO 2025-09-03 23:12:25,929 basehttp 6112 25216 "GET /login/ HTTP/1.1" 200 7461
INFO 2025-09-03 23:12:56,844 views 6112 25216 Student SC211/0001/1996 logged in successfully
INFO 2025-09-03 23:12:56,847 basehttp 6112 25216 "POST /login/ HTTP/1.1" 302 0
INFO 2025-09-03 23:12:56,869 basehttp 6112 25216 "GET /dashboard/ HTTP/1.1" 200 3450
INFO 2025-09-03 23:14:28,636 basehttp 6112 25216 "GET /dashboard/ HTTP/1.1" 200 14273
INFO 2025-09-03 23:15:34,270 basehttp 6112 25216 "GET /admin/voting/student/ HTTP/1.1" 200 75920
INFO 2025-09-03 23:15:34,310 basehttp 6112 26996 "GET /admin/jsi18n/ HTTP/1.1" 200 3342
INFO 2025-09-03 23:15:34,494 basehttp 6112 25216 "GET /static/admin/css/base.css HTTP/1.1" 200 22120
INFO 2025-09-03 23:15:34,500 basehttp 6112 26676 "GET /static/admin/css/dark_mode.css HTTP/1.1" 200 2808
INFO 2025-09-03 23:15:34,501 basehttp 6112 13128 "GET /static/admin/css/changelists.css HTTP/1.1" 200 6878
INFO 2025-09-03 23:15:34,507 basehttp 6112 28508 "GET /static/admin/css/nav_sidebar.css HTTP/1.1" 200 2810
INFO 2025-09-03 23:15:34,510 basehttp 6112 26996 "GET /static/admin/css/responsive.css HTTP/1.1" 200 16565
INFO 2025-09-03 23:15:34,698 basehttp 6112 15652 "GET /static/admin/js/theme.js HTTP/1.1" 200 1653
INFO 2025-09-03 23:15:34,736 basehttp 6112 26676 "GET /static/admin/js/jquery.init.js HTTP/1.1" 200 347
INFO 2025-09-03 23:15:34,762 basehttp 6112 13128 "GET /static/admin/js/core.js HTTP/1.1" 200 6208
INFO 2025-09-03 23:15:34,767 basehttp 6112 26676 "GET /static/admin/js/prepopulate.js HTTP/1.1" 200 1531
INFO 2025-09-03 23:15:34,771 basehttp 6112 15652 "GET /static/admin/js/urlify.js HTTP/1.1" 200 7887
INFO 2025-09-03 23:15:34,830 basehttp 6112 28508 "GET /static/admin/js/actions.js HTTP/1.1" 200 8076
INFO 2025-09-03 23:15:35,012 basehttp 6112 26996 "GET /static/admin/js/admin/RelatedObjectLookups.js HTTP/1.1" 200 9777
INFO 2025-09-03 23:15:35,027 basehttp 6112 26996 "GET /static/admin/img/search.svg HTTP/1.1" 200 458
INFO 2025-09-03 23:15:35,027 basehttp 6112 28508 "GET /static/admin/img/icon-yes.svg HTTP/1.1" 200 436
INFO 2025-09-03 23:15:35,657 basehttp 6112 25216 "GET /static/admin/js/vendor/jquery/jquery.js HTTP/1.1" 200 285314
INFO 2025-09-03 23:15:35,672 basehttp 6112 13128 "GET /static/admin/js/vendor/xregexp/xregexp.js HTTP/1.1" 200 325171
INFO 2025-09-03 23:15:35,698 basehttp 6112 25216 "GET /static/admin/js/nav_sidebar.js HTTP/1.1" 200 3063
INFO 2025-09-03 23:15:35,703 basehttp 6112 13128 "GET /static/admin/js/filters.js HTTP/1.1" 200 978
INFO 2025-09-03 23:15:35,750 basehttp 6112 13128 "GET /static/admin/img/icon-addlink.svg HTTP/1.1" 200 331
INFO 2025-09-03 23:15:35,750 basehttp 6112 25216 "GET /static/admin/img/tooltag-add.svg HTTP/1.1" 200 331
INFO 2025-09-03 23:15:35,754 basehttp 6112 26996 "GET /static/admin/img/icon-viewlink.svg HTTP/1.1" 200 581
INFO 2025-09-03 23:15:35,767 basehttp 6112 28508 "GET /static/admin/img/sorting-icons.svg HTTP/1.1" 200 1097
INFO 2025-09-03 23:15:38,826 basehttp 6112 28508 "GET /admin/voting/student/120/change/ HTTP/1.1" 200 31926
INFO 2025-09-03 23:15:38,869 basehttp 6112 13128 "GET /admin/jsi18n/ HTTP/1.1" 200 3342
INFO 2025-09-03 23:15:38,882 basehttp 6112 28508 "GET /static/admin/css/forms.css HTTP/1.1" 200 8525
INFO 2025-09-03 23:15:38,898 basehttp 6112 28508 "GET /static/admin/js/prepopulate_init.js HTTP/1.1" 200 586
INFO 2025-09-03 23:15:38,907 basehttp 6112 13128 "GET /static/admin/css/widgets.css HTTP/1.1" 200 11991
INFO 2025-09-03 23:15:38,994 basehttp 6112 25216 "GET /static/admin/js/admin/DateTimeShortcuts.js HTTP/1.1" 200 19319
INFO 2025-09-03 23:15:39,009 basehttp 6112 25216 "GET /static/admin/img/icon-changelink.svg HTTP/1.1" 200 380
INFO 2025-09-03 23:15:39,029 basehttp 6112 26996 "GET /static/admin/js/calendar.js HTTP/1.1" 200 9141
INFO 2025-09-03 23:15:39,044 basehttp 6112 25216 "GET /static/admin/js/change_form.js HTTP/1.1" 200 606
INFO 2025-09-03 23:15:39,120 basehttp 6112 26996 "GET /static/admin/img/icon-clock.svg HTTP/1.1" 200 677
INFO 2025-09-03 23:15:39,120 basehttp 6112 25216 "GET /static/admin/img/icon-calendar.svg HTTP/1.1" 200 1086
INFO 2025-09-03 23:15:48,807 views 6112 25216 Student SC211/0001/1996 logged out
INFO 2025-09-03 23:15:48,810 basehttp 6112 25216 "GET /logout/ HTTP/1.1" 302 0
INFO 2025-09-03 23:15:48,823 basehttp 6112 25216 "GET /login/ HTTP/1.1" 200 7747
INFO 2025-09-03 23:16:17,074 views 6112 25216 Student AG178/9171/2021 logged in successfully
INFO 2025-09-03 23:16:17,076 basehttp 6112 25216 "POST /login/ HTTP/1.1" 302 0
INFO 2025-09-03 23:16:17,103 basehttp 6112 25216 "GET /dashboard/ HTTP/1.1" 200 14271
WARNING 2025-09-03 23:16:30,778 log 6112 25216 Not Found: /.well-known/appspecific/com.chrome.devtools.json
WARNING 2025-09-03 23:16:30,779 basehttp 6112 25216 "GET /.well-known/appspecific/com.chrome.devtools.json HTTP/1.1" 404 5446
INFO 2025-09-03 23:16:53,131 views 6112 25216 Student AG178/9171/2021 logged out
INFO 2025-09-03 23:16:53,134 basehttp 6112 25216 "GET /logout/ HTTP/1.1" 302 0
INFO 2025-09-03 23:16:53,145 basehttp 6112 25216 "GET /login/ HTTP/1.1" 200 7747
INFO 2025-09-03 23:25:18,077 basehttp 6112 13220 "GET /login/ HTTP/1.1" 200 25697
INFO 2025-09-03 23:26:48,481 basehttp 6112 13220 "GET /login/ HTTP/1.1" 200 10663
INFO 2025-09-03 23:31:01,347 basehttp 6112 13220 "GET /login/ HTTP/1.1" 200 47569
WARNING 2025-09-03 23:31:02,267 log 6112 13220 Not Found: /sw.js
WARNING 2025-09-03 23:31:02,268 basehttp 6112 13220 "GET /sw.js HTTP/1.1" 404 5317
WARNING 2025-09-03 23:31:02,491 basehttp 6112 13220 "GET /static/favicon.ico HTTP/1.1" 404 1960
WARNING 2025-09-03 23:31:02,503 basehttp 6112 15752 "GET /static/images/favicon-32x32.png HTTP/1.1" 404 1999
WARNING 2025-09-03 23:31:02,511 basehttp 6112 21884 "GET /static/images/favicon-16x16.png HTTP/1.1" 404 1999
INFO 2025-09-03 23:31:55,751 views 6112 12852 Student AG178/9171/2021 logged in successfully
INFO 2025-09-03 23:31:55,755 basehttp 6112 12852 "POST /login/ HTTP/1.1" 302 0
INFO 2025-09-03 23:31:55,846 basehttp 6112 12852 "GET /dashboard/ HTTP/1.1" 200 27743
ERROR 2025-09-03 23:39:45,692 log 6112 3800 Internal Server Error: /dashboard/
Traceback (most recent call last):
  File "C:\Users\user\AppData\Roaming\Python\Python313\site-packages\django\core\handlers\exception.py", line 55, in inner
    response = get_response(request)
  File "C:\Users\user\AppData\Roaming\Python\Python313\site-packages\django\core\handlers\base.py", line 197, in _get_response
    response = wrapped_callback(request, *callback_args, **callback_kwargs)
  File "C:\Users\user\AppData\Roaming\Python\Python313\site-packages\django\contrib\auth\decorators.py", line 59, in _view_wrapper
    return view_func(request, *args, **kwargs)
  File "D:\BACKUP\Complete Projects\university_voting_system\voting\views.py", line 199, in dashboard_view
    return render(request, 'dashboard.html', context)
  File "C:\Users\user\AppData\Roaming\Python\Python313\site-packages\django\shortcuts.py", line 25, in render
    content = loader.render_to_string(template_name, context, request, using=using)
  File "C:\Users\user\AppData\Roaming\Python\Python313\site-packages\django\template\loader.py", line 62, in render_to_string
    return template.render(context, request)
           ~~~~~~~~~~~~~~~^^^^^^^^^^^^^^^^^^
  File "C:\Users\user\AppData\Roaming\Python\Python313\site-packages\django\template\backends\django.py", line 107, in render
    return self.template.render(context)
           ~~~~~~~~~~~~~~~~~~~~^^^^^^^^^
  File "C:\Users\user\AppData\Roaming\Python\Python313\site-packages\django\template\base.py", line 171, in render
    return self._render(context)
           ~~~~~~~~~~~~^^^^^^^^^
  File "C:\Users\user\AppData\Roaming\Python\Python313\site-packages\django\template\base.py", line 163, in _render
    return self.nodelist.render(context)
           ~~~~~~~~~~~~~~~~~~~~^^^^^^^^^
  File "C:\Users\user\AppData\Roaming\Python\Python313\site-packages\django\template\base.py", line 1016, in render
    return SafeString("".join([node.render_annotated(context) for node in self]))
                               ~~~~~~~~~~~~~~~~~~~~~^^^^^^^^^
  File "C:\Users\user\AppData\Roaming\Python\Python313\site-packages\django\template\base.py", line 977, in render_annotated
    return self.render(context)
           ~~~~~~~~~~~^^^^^^^^^
  File "C:\Users\user\AppData\Roaming\Python\Python313\site-packages\django\template\loader_tags.py", line 159, in render
    return compiled_parent._render(context)
           ~~~~~~~~~~~~~~~~~~~~~~~^^^^^^^^^
  File "C:\Users\user\AppData\Roaming\Python\Python313\site-packages\django\template\base.py", line 163, in _render
    return self.nodelist.render(context)
           ~~~~~~~~~~~~~~~~~~~~^^^^^^^^^
  File "C:\Users\user\AppData\Roaming\Python\Python313\site-packages\django\template\base.py", line 1016, in render
    return SafeString("".join([node.render_annotated(context) for node in self]))
                               ~~~~~~~~~~~~~~~~~~~~~^^^^^^^^^
  File "C:\Users\user\AppData\Roaming\Python\Python313\site-packages\django\template\base.py", line 977, in render_annotated
    return self.render(context)
           ~~~~~~~~~~~^^^^^^^^^
  File "C:\Users\user\AppData\Roaming\Python\Python313\site-packages\django\template\loader_tags.py", line 65, in render
    result = block.nodelist.render(context)
  File "C:\Users\user\AppData\Roaming\Python\Python313\site-packages\django\template\base.py", line 1016, in render
    return SafeString("".join([node.render_annotated(context) for node in self]))
                               ~~~~~~~~~~~~~~~~~~~~~^^^^^^^^^
  File "C:\Users\user\AppData\Roaming\Python\Python313\site-packages\django\template\base.py", line 977, in render_annotated
    return self.render(context)
           ~~~~~~~~~~~^^^^^^^^^
  File "C:\Users\user\AppData\Roaming\Python\Python313\site-packages\django\template\defaulttags.py", line 327, in render
    return nodelist.render(context)
           ~~~~~~~~~~~~~~~^^^^^^^^^
  File "C:\Users\user\AppData\Roaming\Python\Python313\site-packages\django\template\base.py", line 1016, in render
    return SafeString("".join([node.render_annotated(context) for node in self]))
                               ~~~~~~~~~~~~~~~~~~~~~^^^^^^^^^
  File "C:\Users\user\AppData\Roaming\Python\Python313\site-packages\django\template\base.py", line 977, in render_annotated
    return self.render(context)
           ~~~~~~~~~~~^^^^^^^^^
  File "C:\Users\user\AppData\Roaming\Python\Python313\site-packages\django\template\defaulttags.py", line 480, in render
    url = reverse(view_name, args=args, kwargs=kwargs, current_app=current_app)
  File "C:\Users\user\AppData\Roaming\Python\Python313\site-packages\django\urls\base.py", line 98, in reverse
    resolved_url = resolver._reverse_with_prefix(view, prefix, *args, **kwargs)
  File "C:\Users\user\AppData\Roaming\Python\Python313\site-packages\django\urls\resolvers.py", line 831, in _reverse_with_prefix
    raise NoReverseMatch(msg)
django.urls.exceptions.NoReverseMatch: Reverse for 'voting_guide' not found. 'voting_guide' is not a valid view function or pattern name.
ERROR 2025-09-03 23:39:45,712 basehttp 6112 3800 "GET /dashboard/ HTTP/1.1" 500 199798
INFO 2025-09-03 23:40:16,940 basehttp 6112 3800 "GET /dashboard/ HTTP/1.1" 200 50381
INFO 2025-09-03 23:56:09,392 basehttp 6112 19284 "GET /dashboard/ HTTP/1.1" 200 50388
INFO 2025-09-03 23:56:16,157 views 6112 19284 Student AG178/9171/2021 logged out
INFO 2025-09-03 23:56:16,163 basehttp 6112 19284 "GET /logout/ HTTP/1.1" 302 0
INFO 2025-09-03 23:56:16,227 basehttp 6112 19284 "GET /login/ HTTP/1.1" 200 47569
WARNING 2025-09-03 23:56:16,438 log 6112 19284 Not Found: /sw.js
WARNING 2025-09-03 23:56:16,440 basehttp 6112 19284 "GET /sw.js HTTP/1.1" 404 5317
INFO 2025-09-03 23:58:12,894 autoreload 21420 22424 Watching for file changes with StatReloader
INFO 2025-09-03 23:58:35,526 basehttp 21420 3448 "GET / HTTP/1.1" 200 47565
WARNING 2025-09-03 23:58:37,061 basehttp 21420 3448 "GET /static/favicon.ico HTTP/1.1" 404 1964
WARNING 2025-09-03 23:58:37,072 basehttp 21420 28000 "GET /static/images/favicon-32x32.png HTTP/1.1" 404 2003
WARNING 2025-09-03 23:58:37,088 basehttp 21420 11192 "GET /static/images/favicon-16x16.png HTTP/1.1" 404 2003
INFO 2025-09-03 23:58:45,552 basehttp 21420 19268 "GET /admin/ HTTP/1.1" 302 0
INFO 2025-09-03 23:58:45,996 basehttp 21420 19268 "GET /admin/login/?next=/admin/ HTTP/1.1" 200 4187
INFO 2025-09-03 23:58:46,248 basehttp 21420 10344 "GET /static/admin/css/nav_sidebar.css HTTP/1.1" 200 2810
INFO 2025-09-03 23:58:46,256 basehttp 21420 19268 "GET /static/admin/css/base.css HTTP/1.1" 200 22120
INFO 2025-09-03 23:58:46,257 basehttp 21420 17560 "GET /static/admin/css/dark_mode.css HTTP/1.1" 200 2808
INFO 2025-09-03 23:58:46,260 basehttp 21420 23840 "GET /static/admin/js/theme.js HTTP/1.1" 200 1653
INFO 2025-09-03 23:58:46,262 basehttp 21420 4484 "GET /static/admin/css/responsive.css HTTP/1.1" 200 16565
INFO 2025-09-03 23:58:46,272 basehttp 21420 25960 "GET /static/admin/js/theme.js HTTP/1.1" 200 1653
INFO 2025-09-03 23:58:46,274 basehttp 21420 4484 "GET /static/admin/js/nav_sidebar.js HTTP/1.1" 200 3063
INFO 2025-09-03 23:58:46,276 basehttp 21420 10744 "GET /static/admin/css/login.css HTTP/1.1" 200 951
INFO 2025-09-03 23:58:46,303 basehttp 21420 25960 "GET /static/admin/js/nav_sidebar.js HTTP/1.1" 200 3063
WARNING 2025-09-03 23:58:46,357 log 21420 10744 Not Found: /favicon.ico
WARNING 2025-09-03 23:58:46,360 basehttp 21420 10744 "GET /favicon.ico HTTP/1.1" 404 5339
INFO 2025-09-03 23:59:03,345 basehttp 21420 10744 "POST /admin/login/?next=/admin/ HTTP/1.1" 302 0
INFO 2025-09-03 23:59:03,409 basehttp 21420 10744 "GET /admin/ HTTP/1.1" 200 15502
INFO 2025-09-03 23:59:03,448 basehttp 21420 23840 "GET /static/admin/img/icon-changelink.svg HTTP/1.1" 200 380
INFO 2025-09-03 23:59:03,449 basehttp 21420 4484 "GET /static/admin/img/icon-addlink.svg HTTP/1.1" 200 331
INFO 2025-09-03 23:59:03,453 basehttp 21420 10744 "GET /static/admin/css/dashboard.css HTTP/1.1" 200 441
INFO 2025-09-03 23:59:09,061 basehttp 21420 10744 "GET /admin/voting/delegate/ HTTP/1.1" 200 79366
INFO 2025-09-03 23:59:09,086 basehttp 21420 10744 "GET /static/admin/css/changelists.css HTTP/1.1" 200 6878
INFO 2025-09-03 23:59:09,100 basehttp 21420 23840 "GET /static/admin/js/jquery.init.js HTTP/1.1" 200 347
INFO 2025-09-03 23:59:09,102 basehttp 21420 10344 "GET /static/admin/js/actions.js HTTP/1.1" 200 8076
INFO 2025-09-03 23:59:09,105 basehttp 21420 17560 "GET /static/admin/js/core.js HTTP/1.1" 200 6208
INFO 2025-09-03 23:59:09,106 basehttp 21420 19268 "GET /static/admin/js/admin/RelatedObjectLookups.js HTTP/1.1" 200 9777
INFO 2025-09-03 23:59:09,110 basehttp 21420 10344 "GET /static/admin/js/prepopulate.js HTTP/1.1" 200 1531
INFO 2025-09-03 23:59:09,110 basehttp 21420 23840 "GET /static/admin/js/urlify.js HTTP/1.1" 200 7887
INFO 2025-09-03 23:59:09,112 basehttp 21420 10744 "GET /admin/jsi18n/ HTTP/1.1" 200 3342
INFO 2025-09-03 23:59:09,115 basehttp 21420 19268 "GET /static/admin/img/search.svg HTTP/1.1" 200 458
INFO 2025-09-03 23:59:09,118 basehttp 21420 10344 "GET /static/admin/img/icon-yes.svg HTTP/1.1" 200 436
INFO 2025-09-03 23:59:09,119 basehttp 21420 4484 "GET /static/admin/js/vendor/jquery/jquery.js HTTP/1.1" 200 285314
INFO 2025-09-03 23:59:09,120 basehttp 21420 17560 "GET /static/admin/js/vendor/xregexp/xregexp.js HTTP/1.1" 200 325171
INFO 2025-09-03 23:59:09,140 basehttp 21420 17560 "GET /static/admin/js/filters.js HTTP/1.1" 200 978
INFO 2025-09-03 23:59:09,150 basehttp 21420 25960 "GET /static/admin/js/jquery.init.js HTTP/1.1" 200 347
INFO 2025-09-03 23:59:09,155 basehttp 21420 21428 "GET /static/admin/js/core.js HTTP/1.1" 200 6208
INFO 2025-09-03 23:59:09,156 basehttp 21420 21868 "GET /static/admin/js/actions.js HTTP/1.1" 200 8076
INFO 2025-09-03 23:59:09,172 basehttp 21420 25960 "GET /static/admin/js/prepopulate.js HTTP/1.1" 200 1531
INFO 2025-09-03 23:59:09,184 basehttp 21420 28016 "GET /static/admin/js/admin/RelatedObjectLookups.js HTTP/1.1" 200 9777
INFO 2025-09-03 23:59:09,187 basehttp 21420 21428 "GET /admin/jsi18n/ HTTP/1.1" 200 3342
INFO 2025-09-03 23:59:09,188 basehttp 21420 7940 "GET /static/admin/js/urlify.js HTTP/1.1" 200 7887
INFO 2025-09-03 23:59:09,189 basehttp 21420 17560 "GET /static/admin/img/icon-no.svg HTTP/1.1" 200 560
INFO 2025-09-03 23:59:09,195 basehttp 21420 21868 "GET /static/admin/js/vendor/xregexp/xregexp.js HTTP/1.1" 200 325171
INFO 2025-09-03 23:59:09,198 basehttp 21420 18556 "GET /static/admin/js/vendor/jquery/jquery.js HTTP/1.1" 200 285314
INFO 2025-09-03 23:59:09,220 basehttp 21420 17560 "GET /static/admin/img/tooltag-add.svg HTTP/1.1" 200 331
INFO 2025-09-03 23:59:09,225 basehttp 21420 17560 "GET /static/admin/img/icon-viewlink.svg HTTP/1.1" 200 581
INFO 2025-09-03 23:59:10,109 basehttp 21420 18556 "GET /static/admin/js/filters.js HTTP/1.1" 200 978
INFO 2025-09-03 23:59:11,513 basehttp 21420 17560 "GET /admin/voting/delegate/?q= HTTP/1.1" 200 81989
INFO 2025-09-03 23:59:11,546 basehttp 21420 17560 "GET /admin/jsi18n/ HTTP/1.1" 200 3342
INFO 2025-09-03 23:59:11,770 basehttp 21420 18556 "GET /admin/jsi18n/ HTTP/1.1" 200 3342
INFO 2025-09-03 23:59:49,239 basehttp 21420 17560 "GET /admin/voting/student/ HTTP/1.1" 200 75920
INFO 2025-09-03 23:59:49,272 basehttp 21420 17560 "GET /admin/jsi18n/ HTTP/1.1" 200 3342
INFO 2025-09-03 23:59:49,287 basehttp 21420 18556 "GET /admin/jsi18n/ HTTP/1.1" 200 3342
INFO 2025-09-03 23:59:49,293 basehttp 21420 17560 "GET /static/admin/img/sorting-icons.svg HTTP/1.1" 200 1097
INFO 2025-09-03 23:59:53,109 basehttp 21420 17560 "GET /admin/voting/student/120/change/ HTTP/1.1" 200 31962
INFO 2025-09-03 23:59:53,131 basehttp 21420 17560 "GET /static/admin/css/forms.css HTTP/1.1" 200 8525
INFO 2025-09-03 23:59:53,145 basehttp 21420 19268 "GET /static/admin/js/prepopulate_init.js HTTP/1.1" 200 586
INFO 2025-09-03 23:59:53,146 basehttp 21420 4484 "GET /static/admin/js/calendar.js HTTP/1.1" 200 9141
INFO 2025-09-03 23:59:53,148 basehttp 21420 17560 "GET /static/admin/css/widgets.css HTTP/1.1" 200 11991
INFO 2025-09-03 23:59:53,150 basehttp 21420 10744 "GET /admin/jsi18n/ HTTP/1.1" 200 3342
INFO 2025-09-03 23:59:53,150 basehttp 21420 10344 "GET /static/admin/js/admin/DateTimeShortcuts.js HTTP/1.1" 200 19319
INFO 2025-09-03 23:59:53,158 basehttp 21420 10744 "GET /static/admin/js/change_form.js HTTP/1.1" 200 606
INFO 2025-09-03 23:59:53,166 basehttp 21420 18556 "GET /static/admin/js/prepopulate_init.js HTTP/1.1" 200 586
INFO 2025-09-03 23:59:53,166 basehttp 21420 21868 "GET /static/admin/js/calendar.js HTTP/1.1" 200 9141
INFO 2025-09-03 23:59:53,169 basehttp 21420 28016 "GET /static/admin/js/change_form.js HTTP/1.1" 200 606
INFO 2025-09-03 23:59:53,171 basehttp 21420 21428 "GET /static/admin/js/admin/DateTimeShortcuts.js HTTP/1.1" 200 19319
INFO 2025-09-03 23:59:53,173 basehttp 21420 7940 "GET /admin/jsi18n/ HTTP/1.1" 200 3342
INFO 2025-09-03 23:59:53,234 basehttp 21420 10744 "GET /static/admin/img/icon-calendar.svg HTTP/1.1" 200 1086
INFO 2025-09-03 23:59:53,234 basehttp 21420 10344 "GET /static/admin/img/icon-clock.svg HTTP/1.1" 200 677
INFO 2025-09-04 00:00:17,858 basehttp 21420 10344 "POST /admin/voting/student/120/change/ HTTP/1.1" 302 0
INFO 2025-09-04 00:00:18,228 basehttp 21420 10344 "GET /admin/voting/student/ HTTP/1.1" 200 76159
INFO 2025-09-04 00:00:18,256 basehttp 21420 10344 "GET /admin/jsi18n/ HTTP/1.1" 200 3342
INFO 2025-09-04 00:00:18,274 basehttp 21420 7940 "GET /admin/jsi18n/ HTTP/1.1" 200 3342
INFO 2025-09-04 00:00:24,118 views 6112 19284 Student AG178/9171/2021 logged in successfully
INFO 2025-09-04 00:00:24,121 basehttp 6112 19284 "POST /login/ HTTP/1.1" 302 0
INFO 2025-09-04 00:00:24,145 basehttp 6112 19284 "GET /dashboard/ HTTP/1.1" 200 50373
INFO 2025-09-04 00:00:42,893 basehttp 21420 10344 "GET /admin/voting/delegate/ HTTP/1.1" 200 79366
INFO 2025-09-04 00:00:42,926 basehttp 21420 10344 "GET /admin/jsi18n/ HTTP/1.1" 200 3342
INFO 2025-09-04 00:00:42,944 basehttp 21420 7940 "GET /admin/jsi18n/ HTTP/1.1" 200 3342
INFO 2025-09-04 00:00:45,186 basehttp 21420 10344 "GET /admin/voting/delegate/85/change/ HTTP/1.1" 200 42362
INFO 2025-09-04 00:00:45,212 basehttp 21420 10344 "GET /admin/jsi18n/ HTTP/1.1" 200 3342
INFO 2025-09-04 00:00:45,359 basehttp 21420 7940 "GET /admin/jsi18n/ HTTP/1.1" 200 3342
INFO 2025-09-04 00:01:10,152 basehttp 21420 10344 "GET /admin/voting/department/16/change/?_to_field=id&_popup=1 HTTP/1.1" 200 7257
INFO 2025-09-04 00:01:10,184 basehttp 21420 10344 "GET /admin/jsi18n/ HTTP/1.1" 200 3342
INFO 2025-09-04 00:01:10,204 basehttp 21420 7940 "GET /admin/jsi18n/ HTTP/1.1" 200 3342
INFO 2025-09-04 00:01:13,882 basehttp 21420 10344 "GET /admin/voting/faculty/4/change/?_to_field=id&_popup=1 HTTP/1.1" 200 5047
INFO 2025-09-04 00:01:13,917 basehttp 21420 10344 "GET /admin/jsi18n/ HTTP/1.1" 200 3342
INFO 2025-09-04 00:01:13,940 basehttp 21420 7940 "GET /admin/jsi18n/ HTTP/1.1" 200 3342
INFO 2025-09-04 00:01:23,202 basehttp 21420 10344 "GET /admin/voting/student/ HTTP/1.1" 200 75930
INFO 2025-09-04 00:01:23,234 basehttp 21420 10344 "GET /admin/jsi18n/ HTTP/1.1" 200 3342
INFO 2025-09-04 00:01:25,564 basehttp 21420 10344 "GET /admin/voting/student/120/change/ HTTP/1.1" 200 31962
INFO 2025-09-04 00:01:25,589 basehttp 21420 10344 "GET /admin/jsi18n/ HTTP/1.1" 200 3342
INFO 2025-09-04 00:01:30,323 basehttp 21420 10344 "GET /admin/voting/programme/46/change/?_to_field=id&_popup=1 HTTP/1.1" 200 9443
INFO 2025-09-04 00:01:30,351 basehttp 21420 10344 "GET /admin/jsi18n/ HTTP/1.1" 200 3342
INFO 2025-09-04 00:02:22,787 basehttp 21420 3840 "POST /admin/voting/student/120/change/ HTTP/1.1" 302 0
INFO 2025-09-04 00:02:23,078 basehttp 21420 3840 "GET /admin/voting/student/ HTTP/1.1" 200 76163
INFO 2025-09-04 00:02:23,101 basehttp 21420 3840 "GET /admin/jsi18n/ HTTP/1.1" 200 3342
INFO 2025-09-04 00:02:27,748 basehttp 6112 8080 "GET /dashboard/ HTTP/1.1" 200 50397
INFO 2025-09-04 00:02:51,440 basehttp 21420 3840 "GET /admin/voting/student/120/change/ HTTP/1.1" 200 31962
INFO 2025-09-04 00:02:51,463 basehttp 21420 3840 "GET /admin/jsi18n/ HTTP/1.1" 200 3342
INFO 2025-09-04 00:03:09,993 basehttp 21420 3840 "POST /admin/voting/student/120/change/ HTTP/1.1" 302 0
INFO 2025-09-04 00:03:10,322 basehttp 21420 3840 "GET /admin/voting/student/ HTTP/1.1" 200 76163
INFO 2025-09-04 00:03:10,348 basehttp 21420 3840 "GET /admin/jsi18n/ HTTP/1.1" 200 3342
INFO 2025-09-04 00:03:12,911 basehttp 21420 3840 "GET /admin/voting/delegate/ HTTP/1.1" 200 79366
INFO 2025-09-04 00:03:12,934 basehttp 21420 3840 "GET /admin/jsi18n/ HTTP/1.1" 200 3342
INFO 2025-09-04 00:03:18,906 basehttp 21420 3840 "GET /admin/voting/delegate/90/change/ HTTP/1.1" 200 42356
INFO 2025-09-04 00:03:18,932 basehttp 21420 3840 "GET /admin/jsi18n/ HTTP/1.1" 200 3342
INFO 2025-09-04 00:03:26,941 basehttp 21420 3840 "POST /admin/voting/delegate/90/change/ HTTP/1.1" 200 42535
INFO 2025-09-04 00:03:26,965 basehttp 21420 3840 "GET /admin/jsi18n/ HTTP/1.1" 200 3342
INFO 2025-09-04 00:03:38,270 basehttp 21420 3840 "GET /admin/voting/student/278/change/?_to_field=id&_popup=1 HTTP/1.1" 200 21231
INFO 2025-09-04 00:03:38,300 basehttp 21420 3840 "GET /admin/jsi18n/ HTTP/1.1" 200 3342
INFO 2025-09-04 00:03:49,200 basehttp 21420 3840 "POST /admin/voting/student/278/change/?_to_field=id&_popup=1 HTTP/1.1" 200 438
INFO 2025-09-04 00:03:49,240 basehttp 21420 3840 "GET /static/admin/js/popup_response.js HTTP/1.1" 200 532
INFO 2025-09-04 00:03:54,208 basehttp 21420 3840 "POST /admin/voting/delegate/90/change/ HTTP/1.1" 302 0
INFO 2025-09-04 00:03:55,006 basehttp 21420 3840 "GET /admin/voting/delegate/ HTTP/1.1" 200 79642
INFO 2025-09-04 00:03:55,036 basehttp 21420 3840 "GET /admin/jsi18n/ HTTP/1.1" 200 3342
INFO 2025-09-04 00:03:59,526 basehttp 6112 8080 "GET /dashboard/ HTTP/1.1" 200 50394
INFO 2025-09-04 00:04:39,249 basehttp 21420 3840 "GET /admin/voting/delegatevote/ HTTP/1.1" 200 15590
INFO 2025-09-04 00:04:39,281 basehttp 21420 3840 "GET /admin/jsi18n/ HTTP/1.1" 200 3342
INFO 2025-09-04 00:04:41,596 basehttp 21420 3840 "GET /admin/voting/candidate/ HTTP/1.1" 200 47261
INFO 2025-09-04 00:04:41,623 basehttp 21420 3840 "GET /admin/jsi18n/ HTTP/1.1" 200 3342
INFO 2025-09-04 00:04:45,344 basehttp 21420 3840 "GET /admin/voting/election/ HTTP/1.1" 200 17614
INFO 2025-09-04 00:04:45,367 basehttp 21420 3840 "GET /admin/jsi18n/ HTTP/1.1" 200 3342
INFO 2025-09-04 00:04:49,723 basehttp 21420 3840 "GET /admin/voting/election/1/change/ HTTP/1.1" 200 20937
INFO 2025-09-04 00:04:49,748 basehttp 21420 3840 "GET /admin/jsi18n/ HTTP/1.1" 200 3342
INFO 2025-09-04 00:05:18,681 basehttp 21420 3840 "GET /static/admin/img/calendar-icons.svg HTTP/1.1" 200 2455
INFO 2025-09-04 00:05:35,734 basehttp 21420 3840 "POST /admin/voting/election/1/change/ HTTP/1.1" 302 0
INFO 2025-09-04 00:05:35,764 basehttp 21420 3840 "GET /admin/voting/election/ HTTP/1.1" 200 17875
INFO 2025-09-04 00:05:35,790 basehttp 21420 3840 "GET /admin/jsi18n/ HTTP/1.1" 200 3342
INFO 2025-09-04 00:05:42,707 basehttp 6112 8080 "GET /dashboard/ HTTP/1.1" 200 63904
WARNING 2025-09-04 00:06:45,491 log 6112 8080 Forbidden (CSRF token from the 'X-Csrftoken' HTTP header has incorrect length.): /vote/delegate/
WARNING 2025-09-04 00:06:45,492 basehttp 6112 8080 "POST /vote/delegate/ HTTP/1.1" 403 2549
WARNING 2025-09-04 00:06:52,787 log 6112 8080 Forbidden (CSRF token from the 'X-Csrftoken' HTTP header has incorrect length.): /vote/delegate/
WARNING 2025-09-04 00:06:52,789 basehttp 6112 8080 "POST /vote/delegate/ HTTP/1.1" 403 2549
WARNING 2025-09-04 00:15:15,652 log 6112 22704 Forbidden (CSRF token from the 'X-Csrftoken' HTTP header has incorrect length.): /vote/delegate/
WARNING 2025-09-04 00:15:15,669 basehttp 6112 22704 "POST /vote/delegate/ HTTP/1.1" 403 2549
WARNING 2025-09-04 00:15:24,567 log 6112 22704 Not Found: /.well-known/appspecific/com.chrome.devtools.json
WARNING 2025-09-04 00:15:24,567 basehttp 6112 22704 "GET /.well-known/appspecific/com.chrome.devtools.json HTTP/1.1" 404 5446
WARNING 2025-09-04 00:16:41,164 log 6112 22704 Not Found: /.well-known/appspecific/com.chrome.devtools.json
WARNING 2025-09-04 00:16:41,207 basehttp 6112 22704 "GET /.well-known/appspecific/com.chrome.devtools.json HTTP/1.1" 404 5446
WARNING 2025-09-04 00:16:49,853 log 6112 22704 Method Not Allowed (GET): /vote/delegate/
WARNING 2025-09-04 00:16:49,854 basehttp 6112 22704 "GET /vote/delegate/ HTTP/1.1" 405 0
INFO 2025-09-04 00:24:37,717 autoreload 21420 22424 D:\BACKUP\Complete Projects\university_voting_system\university_voting_system\settings.py changed, reloading.
INFO 2025-09-04 00:24:37,689 autoreload 6112 24452 D:\BACKUP\Complete Projects\university_voting_system\university_voting_system\settings.py changed, reloading.
INFO 2025-09-04 00:24:39,491 autoreload 22568 26088 Watching for file changes with StatReloader
INFO 2025-09-04 00:24:41,546 autoreload 7148 23144 Watching for file changes with StatReloader
INFO 2025-09-04 00:25:11,376 autoreload 7148 23144 D:\BACKUP\Complete Projects\university_voting_system\university_voting_system\settings.py changed, reloading.
INFO 2025-09-04 00:25:11,483 autoreload 22568 26088 D:\BACKUP\Complete Projects\university_voting_system\university_voting_system\settings.py changed, reloading.
INFO 2025-09-04 00:25:12,571 autoreload 5176 27244 Watching for file changes with StatReloader
INFO 2025-09-04 00:25:12,572 autoreload 1880 2288 Watching for file changes with StatReloader
INFO 2025-09-04 00:25:20,161 autoreload 5176 27244 D:\BACKUP\Complete Projects\university_voting_system\university_voting_system\settings.py changed, reloading.
INFO 2025-09-04 00:25:20,173 autoreload 1880 2288 D:\BACKUP\Complete Projects\university_voting_system\university_voting_system\settings.py changed, reloading.
INFO 2025-09-04 00:25:21,365 autoreload 28128 11600 Watching for file changes with StatReloader
INFO 2025-09-04 00:25:21,375 autoreload 3152 8688 Watching for file changes with StatReloader
